[debug] [2017-12-26T17:36:20.555Z] ----------------------------------------------------------------------
[debug] [2017-12-26T17:36:20.558Z] Command:       /Users/stevenrogers/.nvm/versions/node/v8.1.4/bin/node /Users/stevenrogers/.nvm/versions/node/v8.1.4/bin/firebase serve
[debug] [2017-12-26T17:36:20.559Z] CLI Version:   3.16.0
[debug] [2017-12-26T17:36:20.559Z] Platform:      darwin
[debug] [2017-12-26T17:36:20.559Z] Node Version:  v8.1.4
[debug] [2017-12-26T17:36:20.560Z] Time:          Tue Dec 26 2017 10:36:20 GMT-0700 (MST)
[debug] [2017-12-26T17:36:20.560Z] ----------------------------------------------------------------------
[debug] 
[debug] [2017-12-26T17:36:20.584Z] > command requires scopes: ["email","openid","https://www.googleapis.com/auth/cloudplatformprojects.readonly","https://www.googleapis.com/auth/firebase","https://www.googleapis.com/auth/cloud-platform"]
[debug] [2017-12-26T17:36:20.584Z] > authorizing via signed-in user
[debug] [2017-12-26T17:36:20.588Z] >>> HTTP REQUEST GET https://admin.firebase.com/v1/projects/paradise-center-montana  
  
 Tue Dec 26 2017 10:36:20 GMT-0700 (MST)
[debug] [2017-12-26T17:36:21.947Z] <<< HTTP RESPONSE 200
[debug] [2017-12-26T17:36:21.948Z] >>> HTTP REQUEST GET https://admin.firebase.com/v1/database/paradise-center-montana/tokens  
  
 Tue Dec 26 2017 10:36:21 GMT-0700 (MST)
[debug] [2017-12-26T17:36:22.526Z] <<< HTTP RESPONSE 200
[info] 
[info] === Serving from '/Users/stevenrogers/angular/paradise-tour-dev'...
[info] 
[debug] [2017-12-26T17:36:22.531Z] >>> HTTP REQUEST GET https://cloudresourcemanager.googleapis.com/v1/projects/paradise-center-montana  
  
 Tue Dec 26 2017 10:36:22 GMT-0700 (MST)
[debug] [2017-12-26T17:36:23.331Z] <<< HTTP RESPONSE 200
[debug] [2017-12-26T17:36:23.332Z] >>> HTTP REQUEST GET https://mobilesdk-pa.googleapis.com/v1/projects/679856974573/clients/_:getWebAppConfig  
  
 Tue Dec 26 2017 10:36:23 GMT-0700 (MST)
[debug] [2017-12-26T17:36:24.363Z] <<< HTTP RESPONSE 200
[info] i  hosting: Serving hosting files from: dist
[info] ✔  hosting: Local server: http://localhost:5000

